[Tick -1.0; 339328] : DEBUG - Adoption Context instantiated and logger configured
[Tick -1.0; 339328] : DEBUG - Got into the context builder
[Tick -1.0; 339344] : DEBUG - Random seed is 5
[Tick -1.0; 339344] : DEBUG - Created Poisson distribution, ID cern.jet.random.Poisson(30.0)
[Tick -1.0; 341187] : DEBUG - 16 households out of 40420 have PV
[Tick -1.0; 341187] : INFO - 40420 Households initialized and added to context and geography
[Tick -1.0; 426734] : DEBUG - Adoption Context instantiated and logger configured
[Tick -1.0; 426750] : DEBUG - Got into the context builder
[Tick -1.0; 426828] : DEBUG - Random seed is 6
[Tick -1.0; 426828] : DEBUG - Created Poisson distribution, ID cern.jet.random.Poisson(30.0)
[Tick -1.0; 428906] : DEBUG - 20 households out of 40420 have PV
[Tick -1.0; 428906] : INFO - 40420 Households initialized and added to context and geography
[Tick -1.0; 518265] : DEBUG - Adoption Context instantiated and logger configured
[Tick -1.0; 518265] : DEBUG - Got into the context builder
[Tick -1.0; 518265] : DEBUG - Random seed is 7
[Tick -1.0; 518265] : DEBUG - Created Poisson distribution, ID cern.jet.random.Poisson(30.0)
[Tick -1.0; 521219] : DEBUG - 12 households out of 40420 have PV
[Tick -1.0; 521219] : INFO - 40420 Households initialized and added to context and geography
[Tick -1.0; 601844] : DEBUG - Adoption Context instantiated and logger configured
[Tick -1.0; 601844] : DEBUG - Got into the context builder
[Tick -1.0; 601844] : DEBUG - Random seed is 8
[Tick -1.0; 601844] : DEBUG - Created Poisson distribution, ID cern.jet.random.Poisson(30.0)
[Tick -1.0; 603890] : DEBUG - 17 households out of 40420 have PV
[Tick -1.0; 603890] : INFO - 40420 Households initialized and added to context and geography
[Tick -1.0; 686719] : DEBUG - Adoption Context instantiated and logger configured
[Tick -1.0; 686719] : DEBUG - Got into the context builder
[Tick -1.0; 686719] : DEBUG - Random seed is 9
[Tick -1.0; 686719] : DEBUG - Created Poisson distribution, ID cern.jet.random.Poisson(30.0)
[Tick -1.0; 688594] : DEBUG - 24 households out of 40420 have PV
[Tick -1.0; 688594] : INFO - 40420 Households initialized and added to context and geography
[Tick -1.0; 770484] : DEBUG - Adoption Context instantiated and logger configured
[Tick -1.0; 770484] : DEBUG - Got into the context builder
[Tick -1.0; 770484] : DEBUG - Random seed is 10
[Tick -1.0; 770484] : DEBUG - Created Poisson distribution, ID cern.jet.random.Poisson(30.0)
[Tick -1.0; 772281] : DEBUG - 13 households out of 40420 have PV
[Tick -1.0; 772281] : INFO - 40420 Households initialized and added to context and geography
[Tick -1.0; 852969] : DEBUG - Adoption Context instantiated and logger configured
[Tick -1.0; 852969] : DEBUG - Got into the context builder
[Tick -1.0; 852969] : DEBUG - Random seed is 11
[Tick -1.0; 852969] : DEBUG - Created Poisson distribution, ID cern.jet.random.Poisson(30.0)
[Tick -1.0; 854765] : DEBUG - 17 households out of 40420 have PV
[Tick -1.0; 854765] : INFO - 40420 Households initialized and added to context and geography
[Tick -1.0; 939125] : DEBUG - Adoption Context instantiated and logger configured
[Tick -1.0; 939125] : DEBUG - Got into the context builder
[Tick -1.0; 939125] : DEBUG - Random seed is 12
[Tick -1.0; 939125] : DEBUG - Created Poisson distribution, ID cern.jet.random.Poisson(30.0)
[Tick -1.0; 941828] : DEBUG - 10 households out of 40420 have PV
[Tick -1.0; 941828] : INFO - 40420 Households initialized and added to context and geography
[Tick -1.0; 1024281] : DEBUG - Adoption Context instantiated and logger configured
[Tick -1.0; 1024281] : DEBUG - Got into the context builder
[Tick -1.0; 1024281] : DEBUG - Random seed is 13
[Tick -1.0; 1024281] : DEBUG - Created Poisson distribution, ID cern.jet.random.Poisson(30.0)
[Tick -1.0; 1026531] : DEBUG - 23 households out of 40420 have PV
[Tick -1.0; 1026531] : INFO - 40420 Households initialized and added to context and geography
[Tick -1.0; 1107140] : DEBUG - Adoption Context instantiated and logger configured
[Tick -1.0; 1107140] : DEBUG - Got into the context builder
[Tick -1.0; 1107140] : DEBUG - Random seed is 14
[Tick -1.0; 1107140] : DEBUG - Created Poisson distribution, ID cern.jet.random.Poisson(30.0)
[Tick -1.0; 1108859] : DEBUG - 14 households out of 40420 have PV
[Tick -1.0; 1108859] : INFO - 40420 Households initialized and added to context and geography
[Tick -1.0; 1190797] : DEBUG - Adoption Context instantiated and logger configured
[Tick -1.0; 1190813] : DEBUG - Got into the context builder
[Tick -1.0; 1190860] : DEBUG - Random seed is 15
[Tick -1.0; 1191063] : DEBUG - Created Poisson distribution, ID cern.jet.random.Poisson(30.0)
[Tick -1.0; 1197282] : DEBUG - 18 households out of 40420 have PV
[Tick -1.0; 1197282] : INFO - 40420 Households initialized and added to context and geography
[Tick -1.0; 1286584] : DEBUG - Adoption Context instantiated and logger configured
[Tick -1.0; 1286630] : DEBUG - Got into the context builder
[Tick -1.0; 1286630] : DEBUG - Random seed is 16
[Tick -1.0; 1286630] : DEBUG - Created Poisson distribution, ID cern.jet.random.Poisson(30.0)
[Tick -1.0; 1307366] : DEBUG - 12 households out of 40420 have PV
[Tick -1.0; 1307382] : INFO - 40420 Households initialized and added to context and geography
[Tick -1.0; 1387214] : DEBUG - Adoption Context instantiated and logger configured
[Tick -1.0; 1387214] : DEBUG - Got into the context builder
[Tick -1.0; 1387214] : DEBUG - Random seed is 17
[Tick -1.0; 1387214] : DEBUG - Created Poisson distribution, ID cern.jet.random.Poisson(30.0)
[Tick -1.0; 1389011] : DEBUG - 14 households out of 40420 have PV
[Tick -1.0; 1389011] : INFO - 40420 Households initialized and added to context and geography
[Tick -1.0; 1472859] : DEBUG - Adoption Context instantiated and logger configured
[Tick -1.0; 1472937] : DEBUG - Got into the context builder
[Tick -1.0; 1472937] : DEBUG - Random seed is 18
[Tick -1.0; 1472937] : DEBUG - Created Poisson distribution, ID cern.jet.random.Poisson(30.0)
[Tick -1.0; 1475531] : DEBUG - 17 households out of 40420 have PV
[Tick -1.0; 1475531] : INFO - 40420 Households initialized and added to context and geography
[Tick -1.0; 1574798] : DEBUG - Adoption Context instantiated and logger configured
[Tick -1.0; 1574798] : DEBUG - Got into the context builder
[Tick -1.0; 1574798] : DEBUG - Random seed is 19
[Tick -1.0; 1574798] : DEBUG - Created Poisson distribution, ID cern.jet.random.Poisson(30.0)
[Tick -1.0; 1577080] : DEBUG - 18 households out of 40420 have PV
[Tick -1.0; 1577080] : INFO - 40420 Households initialized and added to context and geography
[Tick -1.0; 1657769] : DEBUG - Adoption Context instantiated and logger configured
[Tick -1.0; 1657769] : DEBUG - Got into the context builder
[Tick -1.0; 1657784] : DEBUG - Random seed is 20
[Tick -1.0; 1657784] : DEBUG - Created Poisson distribution, ID cern.jet.random.Poisson(30.0)
[Tick -1.0; 1659675] : DEBUG - 15 households out of 40420 have PV
[Tick -1.0; 1659675] : INFO - 40420 Households initialized and added to context and geography
[Tick -1.0; 1912881] : DEBUG - Adoption Context instantiated and logger configured
[Tick -1.0; 1912881] : DEBUG - Got into the context builder
[Tick -1.0; 1912897] : DEBUG - Random seed is 21
[Tick -1.0; 1912897] : DEBUG - Created Poisson distribution, ID cern.jet.random.Poisson(30.0)
[Tick -1.0; 1917694] : DEBUG - 14 households out of 40420 have PV
[Tick -1.0; 1917694] : INFO - 40420 Households initialized and added to context and geography
[Tick -1.0; 2202414] : DEBUG - Adoption Context instantiated and logger configured
[Tick -1.0; 2202414] : DEBUG - Got into the context builder
[Tick -1.0; 2202430] : DEBUG - Random seed is 22
[Tick -1.0; 2202430] : DEBUG - Created Poisson distribution, ID cern.jet.random.Poisson(30.0)
[Tick -1.0; 2207742] : DEBUG - 7 households out of 40420 have PV
[Tick -1.0; 2207742] : INFO - 40420 Households initialized and added to context and geography
[Tick -1.0; 2527383] : DEBUG - Adoption Context instantiated and logger configured
[Tick -1.0; 2527383] : DEBUG - Got into the context builder
[Tick -1.0; 2527383] : DEBUG - Random seed is 23
[Tick -1.0; 2527383] : DEBUG - Created Poisson distribution, ID cern.jet.random.Poisson(30.0)
[Tick -1.0; 2532805] : DEBUG - 11 households out of 40420 have PV
[Tick -1.0; 2532805] : INFO - 40420 Households initialized and added to context and geography
[Tick -1.0; 2898930] : DEBUG - Adoption Context instantiated and logger configured
[Tick -1.0; 2898930] : DEBUG - Got into the context builder
[Tick -1.0; 2898930] : DEBUG - Random seed is 24
[Tick -1.0; 2898930] : DEBUG - Created Poisson distribution, ID cern.jet.random.Poisson(30.0)
[Tick -1.0; 2905711] : DEBUG - 17 households out of 40420 have PV
[Tick -1.0; 2905711] : INFO - 40420 Households initialized and added to context and geography
[Tick -1.0; 3336680] : DEBUG - Adoption Context instantiated and logger configured
[Tick -1.0; 3336680] : DEBUG - Got into the context builder
[Tick -1.0; 3336680] : DEBUG - Random seed is 25
[Tick -1.0; 3336680] : DEBUG - Created Poisson distribution, ID cern.jet.random.Poisson(30.0)
[Tick -1.0; 3347149] : DEBUG - 14 households out of 40420 have PV
[Tick -1.0; 3347149] : INFO - 40420 Households initialized and added to context and geography
[Tick -1.0; 3865430] : DEBUG - Adoption Context instantiated and logger configured
[Tick -1.0; 3865430] : DEBUG - Got into the context builder
[Tick -1.0; 3865430] : DEBUG - Random seed is 1
[Tick -1.0; 3865430] : DEBUG - Created Poisson distribution, ID cern.jet.random.Poisson(30.0)
[Tick -1.0; 3875586] : DEBUG - 12 households out of 40420 have PV
[Tick -1.0; 3875586] : INFO - 40420 Households initialized and added to context and geography
[Tick -1.0; 4537524] : DEBUG - Adoption Context instantiated and logger configured
[Tick -1.0; 4537524] : DEBUG - Got into the context builder
[Tick -1.0; 4537524] : DEBUG - Random seed is 2
[Tick -1.0; 4537524] : DEBUG - Created Poisson distribution, ID cern.jet.random.Poisson(30.0)
[Tick -1.0; 4552133] : DEBUG - 10 households out of 40420 have PV
[Tick -1.0; 4552133] : INFO - 40420 Households initialized and added to context and geography
[Tick -1.0; 5473463] : DEBUG - Adoption Context instantiated and logger configured
[Tick -1.0; 5473463] : DEBUG - Got into the context builder
[Tick -1.0; 5473463] : DEBUG - Random seed is 3
[Tick -1.0; 5473463] : DEBUG - Created Poisson distribution, ID cern.jet.random.Poisson(30.0)
[Tick -1.0; 5492667] : DEBUG - 11 households out of 40420 have PV
[Tick -1.0; 5492682] : INFO - 40420 Households initialized and added to context and geography
[Tick -1.0; 7024310] : DEBUG - Adoption Context instantiated and logger configured
[Tick -1.0; 7024310] : DEBUG - Got into the context builder
[Tick -1.0; 7024310] : DEBUG - Random seed is 4
[Tick -1.0; 7024310] : DEBUG - Created Poisson distribution, ID cern.jet.random.Poisson(30.0)
[Tick -1.0; 7061951] : DEBUG - 15 households out of 40420 have PV
[Tick -1.0; 7061951] : INFO - 40420 Households initialized and added to context and geography
